<?xml version="1.0" encoding="UTF-8"?>
<testng-results ignored="0" total="1" passed="1" failed="0" skipped="0">
  <reporter-output>
  </reporter-output>
  <suite started-at="2023-03-18T23:01:38 GMT-07:00" name="Suite" finished-at="2023-03-18T23:01:46 GMT-07:00" duration-ms="8476">
    <groups>
    </groups>
    <test started-at="2023-03-18T23:01:38 GMT-07:00" name="Test" finished-at="2023-03-18T23:01:46 GMT-07:00" duration-ms="8476">
      <class name="TesBasee.TC01_test1">
        <test-method is-config="true" signature="setup()[pri:0, instance:TesBasee.TC01_test1@8f4ea7c]" started-at="2023-03-18T23:01:38 GMT-07:00" name="setup" finished-at="2023-03-18T23:01:45 GMT-07:00" duration-ms="6834" status="PASS">
          <reporter-output>
          </reporter-output>
        </test-method> <!-- setup -->
        <test-method signature="test_login()[pri:0, instance:TesBasee.TC01_test1@8f4ea7c]" started-at="2023-03-18T23:01:45 GMT-07:00" name="test_login" finished-at="2023-03-18T23:01:46 GMT-07:00" duration-ms="1377" status="PASS">
          <reporter-output>
          </reporter-output>
        </test-method> <!-- test_login -->
        <test-method is-config="true" signature="endp()[pri:0, instance:TesBasee.TC01_test1@8f4ea7c]" started-at="2023-03-18T23:01:46 GMT-07:00" name="endp" finished-at="2023-03-18T23:01:46 GMT-07:00" duration-ms="197" status="PASS">
          <reporter-output>
          </reporter-output>
        </test-method> <!-- endp -->
      </class> <!-- TesBasee.TC01_test1 -->
    </test> <!-- Test -->
  </suite> <!-- Suite -->
</testng-results>
