<?xml version="1.0" encoding="UTF-8"?>
<testng-results ignored="0" total="1" passed="1" failed="0" skipped="0">
  <reporter-output>
  </reporter-output>
  <suite started-at="2023-03-19T13:19:08 GMT-07:00" name="Suite" finished-at="2023-03-19T13:19:19 GMT-07:00" duration-ms="10405">
    <groups>
    </groups>
    <test started-at="2023-03-19T13:19:08 GMT-07:00" name="Test" finished-at="2023-03-19T13:19:19 GMT-07:00" duration-ms="10405">
      <class name="TesBasee.TC01_test1">
        <test-method is-config="true" signature="setup()[pri:0, instance:TesBasee.TC01_test1@46cdf8bd]" started-at="2023-03-19T13:19:08 GMT-07:00" name="setup" finished-at="2023-03-19T13:19:17 GMT-07:00" duration-ms="8915" status="PASS">
          <reporter-output>
          </reporter-output>
        </test-method> <!-- setup -->
        <test-method signature="test_login()[pri:0, instance:TesBasee.TC01_test1@46cdf8bd]" started-at="2023-03-19T13:19:17 GMT-07:00" name="test_login" finished-at="2023-03-19T13:19:19 GMT-07:00" duration-ms="1272" status="PASS">
          <reporter-output>
          </reporter-output>
        </test-method> <!-- test_login -->
        <test-method is-config="true" signature="endp()[pri:0, instance:TesBasee.TC01_test1@46cdf8bd]" started-at="2023-03-19T13:19:19 GMT-07:00" name="endp" finished-at="2023-03-19T13:19:19 GMT-07:00" duration-ms="145" status="PASS">
          <reporter-output>
          </reporter-output>
        </test-method> <!-- endp -->
      </class> <!-- TesBasee.TC01_test1 -->
    </test> <!-- Test -->
  </suite> <!-- Suite -->
</testng-results>
