<?xml version="1.0" encoding="UTF-8"?>
<testng-results ignored="0" total="1" passed="1" failed="0" skipped="0">
  <reporter-output>
  </reporter-output>
  <suite started-at="2023-03-19T14:13:01 GMT-07:00" name="Default suite" finished-at="2023-03-19T14:13:10 GMT-07:00" duration-ms="9265">
    <groups>
    </groups>
    <test started-at="2023-03-19T14:13:01 GMT-07:00" name="Default test" finished-at="2023-03-19T14:13:10 GMT-07:00" duration-ms="9265">
      <class name="TesBasee.TC01_test1">
        <test-method is-config="true" signature="setup()[pri:0, instance:TesBasee.TC01_test1@248e319b]" started-at="2023-03-19T14:13:01 GMT-07:00" name="setup" finished-at="2023-03-19T14:13:08 GMT-07:00" duration-ms="7582" status="PASS">
          <reporter-output>
          </reporter-output>
        </test-method> <!-- setup -->
        <test-method signature="test_login()[pri:0, instance:TesBasee.TC01_test1@248e319b]" started-at="2023-03-19T14:13:08 GMT-07:00" name="test_login" finished-at="2023-03-19T14:13:10 GMT-07:00" duration-ms="1424" status="PASS">
          <reporter-output>
          </reporter-output>
        </test-method> <!-- test_login -->
        <test-method is-config="true" signature="endp()[pri:0, instance:TesBasee.TC01_test1@248e319b]" started-at="2023-03-19T14:13:10 GMT-07:00" name="endp" finished-at="2023-03-19T14:13:10 GMT-07:00" duration-ms="181" status="PASS">
          <reporter-output>
          </reporter-output>
        </test-method> <!-- endp -->
      </class> <!-- TesBasee.TC01_test1 -->
    </test> <!-- Default test -->
  </suite> <!-- Default suite -->
</testng-results>
